  Application.cpp
  ResourceManagers.cpp
  Animation.cpp
  Enemy.cpp
C:\Users\QuanLe\Desktop\New folder\TrainingFramework\src\GameObject\Enemy.h(5,1): warning C4005: 'TREND_Left': macro redefinition
C:\Users\QuanLe\Desktop\New folder\TrainingFramework\src\GameObject\Animation.h(5): message : see previous definition of 'TREND_Left'
C:\Users\QuanLe\Desktop\New folder\TrainingFramework\src\GameObject\Enemy.h(6,1): warning C4005: 'TREND_Up': macro redefinition
C:\Users\QuanLe\Desktop\New folder\TrainingFramework\src\GameObject\Animation.h(6): message : see previous definition of 'TREND_Up'
C:\Users\QuanLe\Desktop\New folder\TrainingFramework\src\GameObject\Enemy.h(7,1): warning C4005: 'TREND_Right': macro redefinition
C:\Users\QuanLe\Desktop\New folder\TrainingFramework\src\GameObject\Animation.h(7): message : see previous definition of 'TREND_Right'
C:\Users\QuanLe\Desktop\New folder\TrainingFramework\src\GameObject\Enemy.h(8,1): warning C4005: 'TREND_Down': macro redefinition
C:\Users\QuanLe\Desktop\New folder\TrainingFramework\src\GameObject\Animation.h(4): message : see previous definition of 'TREND_Down'
C:\Users\QuanLe\Desktop\New folder\TrainingFramework\src\GameObject\Enemy.cpp(32,27): warning C4244: 'argument': conversion from 'float' to 'GLint', possible loss of data
C:\Users\QuanLe\Desktop\New folder\TrainingFramework\src\GameObject\Enemy.cpp(32,18): warning C4244: 'argument': conversion from 'float' to 'GLint', possible loss of data
C:\Users\QuanLe\Desktop\New folder\TrainingFramework\src\GameObject\Enemy.cpp(38,27): warning C4244: 'argument': conversion from 'float' to 'GLint', possible loss of data
C:\Users\QuanLe\Desktop\New folder\TrainingFramework\src\GameObject\Enemy.cpp(38,18): warning C4244: 'argument': conversion from 'float' to 'GLint', possible loss of data
C:\Users\QuanLe\Desktop\New folder\TrainingFramework\src\GameObject\Enemy.cpp(45,42): warning C4244: 'argument': conversion from 'float' to 'GLint', possible loss of data
C:\Users\QuanLe\Desktop\New folder\TrainingFramework\src\GameObject\Enemy.cpp(45,28): warning C4244: 'argument': conversion from 'float' to 'GLint', possible loss of data
C:\Users\QuanLe\Desktop\New folder\TrainingFramework\src\GameObject\Enemy.cpp(50,43): warning C4244: 'argument': conversion from 'double' to 'GLfloat', possible loss of data
C:\Users\QuanLe\Desktop\New folder\TrainingFramework\src\GameObject\Enemy.cpp(51,52): warning C4244: 'argument': conversion from 'float' to 'GLint', possible loss of data
C:\Users\QuanLe\Desktop\New folder\TrainingFramework\src\GameObject\Enemy.cpp(51,36): warning C4244: 'argument': conversion from 'double' to 'GLint', possible loss of data
C:\Users\QuanLe\Desktop\New folder\TrainingFramework\src\GameObject\Enemy.cpp(57,44): warning C4244: 'argument': conversion from 'double' to 'GLfloat', possible loss of data
C:\Users\QuanLe\Desktop\New folder\TrainingFramework\src\GameObject\Enemy.cpp(58,53): warning C4244: 'argument': conversion from 'float' to 'GLint', possible loss of data
C:\Users\QuanLe\Desktop\New folder\TrainingFramework\src\GameObject\Enemy.cpp(58,37): warning C4244: 'argument': conversion from 'double' to 'GLint', possible loss of data
C:\Users\QuanLe\Desktop\New folder\TrainingFramework\src\GameObject\Enemy.cpp(95,44): warning C4244: 'argument': conversion from 'double' to 'GLfloat', possible loss of data
C:\Users\QuanLe\Desktop\New folder\TrainingFramework\src\GameObject\Enemy.cpp(97,8): warning C4244: 'argument': conversion from 'double' to 'GLfloat', possible loss of data
C:\Users\QuanLe\Desktop\New folder\TrainingFramework\src\GameObject\Enemy.cpp(96,40): warning C4244: 'argument': conversion from 'double' to 'GLfloat', possible loss of data
C:\Users\QuanLe\Desktop\New folder\TrainingFramework\src\GameObject\Enemy.cpp(98,88): warning C4244: 'argument': conversion from 'float' to 'GLint', possible loss of data
C:\Users\QuanLe\Desktop\New folder\TrainingFramework\src\GameObject\Enemy.cpp(98,62): warning C4244: 'argument': conversion from 'double' to 'GLint', possible loss of data
  Font.cpp
  GameButton.cpp
  map.cpp
C:\Users\QuanLe\Desktop\New folder\TrainingFramework\src\GameObject\map.cpp(35,57): warning C4244: 'argument': conversion from 'int' to 'GLfloat', possible loss of data
C:\Users\QuanLe\Desktop\New folder\TrainingFramework\src\GameObject\map.cpp(35,39): warning C4244: 'argument': conversion from 'int' to 'GLfloat', possible loss of data
  Sprite2D.cpp
C:\Users\QuanLe\Desktop\New folder\TrainingFramework\src\GameObject\Sprite2D.cpp(148,11): warning C4244: 'initializing': conversion from 'double' to 'float', possible loss of data
C:\Users\QuanLe\Desktop\New folder\TrainingFramework\src\GameObject\Sprite2D.cpp(149,11): warning C4244: 'initializing': conversion from 'double' to 'float', possible loss of data
C:\Users\QuanLe\Desktop\New folder\TrainingFramework\src\GameObject\Sprite2D.cpp(159,11): warning C4244: 'initializing': conversion from 'double' to 'float', possible loss of data
C:\Users\QuanLe\Desktop\New folder\TrainingFramework\src\GameObject\Sprite2D.cpp(160,11): warning C4244: 'initializing': conversion from 'double' to 'float', possible loss of data
  Camera.cpp
  Sprite3D.cpp
  Models.cpp
C:\Users\QuanLe\Desktop\New folder\TrainingFramework\src\GameObject\Models.cpp(10,3): warning C4477: 'printf' : format string '%s' requires an argument of type 'char *', but variadic argument 1 has type 'const std::string'
C:\Users\QuanLe\Desktop\New folder\TrainingFramework\src\GameObject\Models.cpp(13,2): warning C4477: 'printf' : format string '%s' requires an argument of type 'char *', but variadic argument 1 has type 'const std::string'
C:\Users\QuanLe\Desktop\New folder\TrainingFramework\src\GameObject\Models.cpp(25,18): warning C4244: 'initializing': conversion from 'std::streamoff' to 'size_t', possible loss of data
C:\Users\QuanLe\Desktop\New folder\TrainingFramework\src\GameObject\Models.cpp(35,12): warning C4996: 'sscanf': This function or variable may be unsafe. Consider using sscanf_s instead. To disable deprecation, use _CRT_SECURE_NO_WARNINGS. See online help for details.
C:\Users\QuanLe\Desktop\New folder\TrainingFramework\src\GameObject\Models.cpp(40,9): warning C4996: 'sscanf': This function or variable may be unsafe. Consider using sscanf_s instead. To disable deprecation, use _CRT_SECURE_NO_WARNINGS. See online help for details.
C:\Users\QuanLe\Desktop\New folder\TrainingFramework\src\GameObject\Models.cpp(62,8): warning C4996: 'sscanf': This function or variable may be unsafe. Consider using sscanf_s instead. To disable deprecation, use _CRT_SECURE_NO_WARNINGS. See online help for details.
C:\Users\QuanLe\Desktop\New folder\TrainingFramework\src\GameObject\Models.cpp(68,9): warning C4996: 'sscanf': This function or variable may be unsafe. Consider using sscanf_s instead. To disable deprecation, use _CRT_SECURE_NO_WARNINGS. See online help for details.
  Shaders.cpp
C:\Users\QuanLe\Desktop\New folder\TrainingFramework\src\GameObject\Shaders.cpp(25,3): warning C4477: 'printf' : format string '%s' requires an argument of type 'char *', but variadic argument 1 has type 'const std::string'
C:\Users\QuanLe\Desktop\New folder\TrainingFramework\src\GameObject\Shaders.cpp(32,3): warning C4477: 'printf' : format string '%s' requires an argument of type 'char *', but variadic argument 1 has type 'const std::string'
  Text.cpp
C:\Users\QuanLe\Desktop\New folder\TrainingFramework\src\GameObject\Text.cpp(25,11): warning C4244: 'initializing': conversion from 'double' to 'float', possible loss of data
C:\Users\QuanLe\Desktop\New folder\TrainingFramework\src\GameObject\Text.cpp(26,11): warning C4244: 'initializing': conversion from 'double' to 'float', possible loss of data
C:\Users\QuanLe\Desktop\New folder\TrainingFramework\src\GameObject\Text.cpp(175,11): warning C4244: 'initializing': conversion from 'double' to 'float', possible loss of data
C:\Users\QuanLe\Desktop\New folder\TrainingFramework\src\GameObject\Text.cpp(176,11): warning C4244: 'initializing': conversion from 'double' to 'float', possible loss of data
C:\Users\QuanLe\Desktop\New folder\TrainingFramework\src\GameObject\Text.cpp(186,11): warning C4244: 'initializing': conversion from 'double' to 'float', possible loss of data
C:\Users\QuanLe\Desktop\New folder\TrainingFramework\src\GameObject\Text.cpp(187,11): warning C4244: 'initializing': conversion from 'double' to 'float', possible loss of data
  Texture.cpp
  Tower.cpp
C:\Users\QuanLe\Desktop\New folder\TrainingFramework\src\GameObject\Tower.cpp(24,33): warning C4244: 'argument': conversion from 'float' to 'GLint', possible loss of data
C:\Users\QuanLe\Desktop\New folder\TrainingFramework\src\GameObject\Tower.cpp(24,24): warning C4244: 'argument': conversion from 'float' to 'GLint', possible loss of data
C:\Users\QuanLe\Desktop\New folder\TrainingFramework\src\GameObject\Tower.cpp(32,27): warning C4244: 'argument': conversion from 'float' to 'GLint', possible loss of data
C:\Users\QuanLe\Desktop\New folder\TrainingFramework\src\GameObject\Tower.cpp(32,18): warning C4244: 'argument': conversion from 'float' to 'GLint', possible loss of data
C:\Users\QuanLe\Desktop\New folder\TrainingFramework\src\GameObject\Tower.cpp(177,29): warning C4244: 'argument': conversion from 'float' to 'GLint', possible loss of data
C:\Users\QuanLe\Desktop\New folder\TrainingFramework\src\GameObject\Tower.cpp(177,20): warning C4244: 'argument': conversion from 'float' to 'GLint', possible loss of data
C:\Users\QuanLe\Desktop\New folder\TrainingFramework\src\GameObject\Tower.cpp(212,35): warning C4244: 'argument': conversion from 'double' to 'GLfloat', possible loss of data
C:\Users\QuanLe\Desktop\New folder\TrainingFramework\src\GameObject\Tower.cpp(213,29): warning C4244: 'argument': conversion from 'float' to 'GLint', possible loss of data
C:\Users\QuanLe\Desktop\New folder\TrainingFramework\src\GameObject\Tower.cpp(213,20): warning C4244: 'argument': conversion from 'float' to 'GLint', possible loss of data
C:\Users\QuanLe\Desktop\New folder\TrainingFramework\src\GameObject\Tower.cpp(218,51): warning C4244: 'argument': conversion from 'double' to 'GLfloat', possible loss of data
C:\Users\QuanLe\Desktop\New folder\TrainingFramework\src\GameObject\Tower.cpp(218,30): warning C4244: 'argument': conversion from 'double' to 'GLfloat', possible loss of data
C:\Users\QuanLe\Desktop\New folder\TrainingFramework\src\GameObject\Tower.cpp(219,29): warning C4244: 'argument': conversion from 'float' to 'GLint', possible loss of data
C:\Users\QuanLe\Desktop\New folder\TrainingFramework\src\GameObject\Tower.cpp(219,20): warning C4244: 'argument': conversion from 'float' to 'GLint', possible loss of data
C:\Users\QuanLe\Desktop\New folder\TrainingFramework\src\GameObject\Tower.cpp(224,51): warning C4244: 'argument': conversion from 'double' to 'GLfloat', possible loss of data
C:\Users\QuanLe\Desktop\New folder\TrainingFramework\src\GameObject\Tower.cpp(224,30): warning C4244: 'argument': conversion from 'double' to 'GLfloat', possible loss of data
C:\Users\QuanLe\Desktop\New folder\TrainingFramework\src\GameObject\Tower.cpp(225,29): warning C4244: 'argument': conversion from 'float' to 'GLint', possible loss of data
C:\Users\QuanLe\Desktop\New folder\TrainingFramework\src\GameObject\Tower.cpp(225,20): warning C4244: 'argument': conversion from 'float' to 'GLint', possible loss of data
C:\Users\QuanLe\Desktop\New folder\TrainingFramework\src\GameObject\Tower.cpp(271,20): warning C4305: '*=': truncation from 'double' to 'float'
C:\Users\QuanLe\Desktop\New folder\TrainingFramework\src\GameObject\Tower.cpp(272,21): warning C4305: '*=': truncation from 'double' to 'float'
C:\Users\QuanLe\Desktop\New folder\TrainingFramework\src\GameObject\Tower.cpp(273,31): warning C4244: 'argument': conversion from 'float' to 'GLint', possible loss of data
C:\Users\QuanLe\Desktop\New folder\TrainingFramework\src\GameObject\Tower.cpp(273,22): warning C4244: 'argument': conversion from 'float' to 'GLint', possible loss of data
  GameStatebase.cpp
C:\Users\QuanLe\Desktop\New folder\TrainingFramework\src\GameObject\Enemy.h(5,1): warning C4005: 'TREND_Left': macro redefinition
C:\Users\QuanLe\Desktop\New folder\TrainingFramework\src\GameObject\Animation.h(5): message : see previous definition of 'TREND_Left'
C:\Users\QuanLe\Desktop\New folder\TrainingFramework\src\GameObject\Enemy.h(6,1): warning C4005: 'TREND_Up': macro redefinition
C:\Users\QuanLe\Desktop\New folder\TrainingFramework\src\GameObject\Animation.h(6): message : see previous definition of 'TREND_Up'
C:\Users\QuanLe\Desktop\New folder\TrainingFramework\src\GameObject\Enemy.h(7,1): warning C4005: 'TREND_Right': macro redefinition
C:\Users\QuanLe\Desktop\New folder\TrainingFramework\src\GameObject\Animation.h(7): message : see previous definition of 'TREND_Right'
C:\Users\QuanLe\Desktop\New folder\TrainingFramework\src\GameObject\Enemy.h(8,1): warning C4005: 'TREND_Down': macro redefinition
C:\Users\QuanLe\Desktop\New folder\TrainingFramework\src\GameObject\Animation.h(4): message : see previous definition of 'TREND_Down'
  GameStateMachine.cpp
  GSInfo.cpp
C:\Users\QuanLe\Desktop\New folder\TrainingFramework\src\GameStates\GSInfo.cpp(29,60): warning C4244: 'argument': conversion from 'int' to 'GLfloat', possible loss of data
C:\Users\QuanLe\Desktop\New folder\TrainingFramework\src\GameStates\GSInfo.cpp(29,42): warning C4244: 'argument': conversion from 'int' to 'GLfloat', possible loss of data
C:\Users\QuanLe\Desktop\New folder\TrainingFramework\src\GameStates\GSInfo.cpp(35,37): warning C4244: 'argument': conversion from 'int' to 'GLfloat', possible loss of data
C:\Users\QuanLe\Desktop\New folder\TrainingFramework\src\GameStates\GSInfo.cpp(47,38): warning C4244: 'argument': conversion from 'int' to 'GLfloat', possible loss of data
C:\Users\QuanLe\Desktop\New folder\TrainingFramework\src\GameStates\GSInfo.cpp(65,46): warning C4244: 'argument': conversion from 'int' to 'GLfloat', possible loss of data
C:\Users\QuanLe\Desktop\New folder\TrainingFramework\src\GameStates\GSInfo.cpp(69,46): warning C4244: 'argument': conversion from 'int' to 'GLfloat', possible loss of data
C:\Users\QuanLe\Desktop\New folder\TrainingFramework\src\GameStates\GSInfo.cpp(73,46): warning C4244: 'argument': conversion from 'int' to 'GLfloat', possible loss of data
C:\Program Files (x86)\Microsoft Visual Studio\2019\Community\VC\Tools\MSVC\14.28.29910\include\xutility(138,73): warning C4244: 'argument': conversion from '_Ty' to 'float', possible loss of data
          with
          [
              _Ty=double
          ]
C:\Program Files (x86)\Microsoft Visual Studio\2019\Community\VC\Tools\MSVC\14.28.29910\include\memory(2194): message : see reference to function template instantiation 'void std::_Construct_in_place<_Ty,std::shared_ptr<Shaders>&,std::shared_ptr<Font>&,const char(&)[21],TEXT_COLOR,double>(_Ty &,std::shared_ptr<Shaders> &,std::shared_ptr<Font> &,const char (&)[21],TEXT_COLOR &&,double &&) noexcept(false)' being compiled
          with
          [
              _Ty=Text
          ]
C:\Program Files (x86)\Microsoft Visual Studio\2019\Community\VC\Tools\MSVC\14.28.29910\include\memory(2907): message : see reference to function template instantiation 'std::_Ref_count_obj2<_Ty>::_Ref_count_obj2<std::shared_ptr<Shaders>&,std::shared_ptr<Font>&,const char(&)[21],TEXT_COLOR,double>(std::shared_ptr<Shaders> &,std::shared_ptr<Font> &,const char (&)[21],TEXT_COLOR &&,double &&)' being compiled
          with
          [
              _Ty=Text
          ]
C:\Program Files (x86)\Microsoft Visual Studio\2019\Community\VC\Tools\MSVC\14.28.29910\include\memory(2907): message : see reference to function template instantiation 'std::_Ref_count_obj2<_Ty>::_Ref_count_obj2<std::shared_ptr<Shaders>&,std::shared_ptr<Font>&,const char(&)[21],TEXT_COLOR,double>(std::shared_ptr<Shaders> &,std::shared_ptr<Font> &,const char (&)[21],TEXT_COLOR &&,double &&)' being compiled
          with
          [
              _Ty=Text
          ]
C:\Users\QuanLe\Desktop\New folder\TrainingFramework\src\GameStates\GSInfo.cpp(64): message : see reference to function template instantiation 'std::shared_ptr<Text> std::make_shared<Text,std::shared_ptr<Shaders>&,std::shared_ptr<Font>&,const char(&)[21],TEXT_COLOR,double>(std::shared_ptr<Shaders> &,std::shared_ptr<Font> &,const char (&)[21],TEXT_COLOR &&,double &&)' being compiled
  GSIntro.cpp
C:\Users\QuanLe\Desktop\New folder\TrainingFramework\src\GameStates\GSIntro.cpp(26,54): warning C4244: 'argument': conversion from 'int' to 'GLfloat', possible loss of data
C:\Users\QuanLe\Desktop\New folder\TrainingFramework\src\GameStates\GSIntro.cpp(26,36): warning C4244: 'argument': conversion from 'int' to 'GLfloat', possible loss of data
  GSMenu.cpp
C:\Users\QuanLe\Desktop\New folder\TrainingFramework\src\GameStates\GSMenu.cpp(34,60): warning C4244: 'argument': conversion from 'int' to 'GLfloat', possible loss of data
C:\Users\QuanLe\Desktop\New folder\TrainingFramework\src\GameStates\GSMenu.cpp(34,42): warning C4244: 'argument': conversion from 'int' to 'GLfloat', possible loss of data
C:\Users\QuanLe\Desktop\New folder\TrainingFramework\src\GameStates\GSMenu.cpp(39,40): warning C4244: 'argument': conversion from 'int' to 'GLfloat', possible loss of data
C:\Users\QuanLe\Desktop\New folder\TrainingFramework\src\GameStates\GSMenu.cpp(45,36): warning C4244: 'argument': conversion from 'int' to 'GLfloat', possible loss of data
C:\Users\QuanLe\Desktop\New folder\TrainingFramework\src\GameStates\GSMenu.cpp(63,36): warning C4244: 'argument': conversion from 'int' to 'GLfloat', possible loss of data
C:\Users\QuanLe\Desktop\New folder\TrainingFramework\src\GameStates\GSMenu.cpp(77,36): warning C4244: 'argument': conversion from 'int' to 'GLfloat', possible loss of data
C:\Users\QuanLe\Desktop\New folder\TrainingFramework\src\GameStates\GSMenu.cpp(95,36): warning C4244: 'argument': conversion from 'int' to 'GLfloat', possible loss of data
  Compiling...
  GSPlay.cpp
C:\Users\QuanLe\Desktop\New folder\TrainingFramework\src\GameObject\Enemy.h(5,1): warning C4005: 'TREND_Left': macro redefinition
C:\Users\QuanLe\Desktop\New folder\TrainingFramework\src\GameObject\Animation.h(5): message : see previous definition of 'TREND_Left'
C:\Users\QuanLe\Desktop\New folder\TrainingFramework\src\GameObject\Enemy.h(6,1): warning C4005: 'TREND_Up': macro redefinition
C:\Users\QuanLe\Desktop\New folder\TrainingFramework\src\GameObject\Animation.h(6): message : see previous definition of 'TREND_Up'
C:\Users\QuanLe\Desktop\New folder\TrainingFramework\src\GameObject\Enemy.h(7,1): warning C4005: 'TREND_Right': macro redefinition
C:\Users\QuanLe\Desktop\New folder\TrainingFramework\src\GameObject\Animation.h(7): message : see previous definition of 'TREND_Right'
C:\Users\QuanLe\Desktop\New folder\TrainingFramework\src\GameObject\Enemy.h(8,1): warning C4005: 'TREND_Down': macro redefinition
C:\Users\QuanLe\Desktop\New folder\TrainingFramework\src\GameObject\Animation.h(4): message : see previous definition of 'TREND_Down'
C:\Users\QuanLe\Desktop\New folder\TrainingFramework\src\GameStates\GSPlay.cpp(52,60): warning C4244: 'argument': conversion from 'int' to 'GLfloat', possible loss of data
C:\Users\QuanLe\Desktop\New folder\TrainingFramework\src\GameStates\GSPlay.cpp(52,42): warning C4244: 'argument': conversion from 'int' to 'GLfloat', possible loss of data
C:\Users\QuanLe\Desktop\New folder\TrainingFramework\src\GameStates\GSPlay.cpp(59,36): warning C4244: 'argument': conversion from 'int' to 'GLfloat', possible loss of data
C:\Users\QuanLe\Desktop\New folder\TrainingFramework\src\GameStates\GSPlay.cpp(281,62): warning C4244: 'argument': conversion from 'int' to 'GLfloat', possible loss of data
C:\Users\QuanLe\Desktop\New folder\TrainingFramework\src\GameStates\GSPlay.cpp(281,40): warning C4244: 'argument': conversion from 'int' to 'GLfloat', possible loss of data
C:\Users\QuanLe\Desktop\New folder\TrainingFramework\src\GameStates\GSPlay.cpp(287,66): warning C4244: 'argument': conversion from 'int' to 'GLfloat', possible loss of data
C:\Users\QuanLe\Desktop\New folder\TrainingFramework\src\GameStates\GSPlay.cpp(287,44): warning C4244: 'argument': conversion from 'int' to 'GLfloat', possible loss of data
C:\Users\QuanLe\Desktop\New folder\TrainingFramework\src\GameStates\GSPlay.cpp(293,42): warning C4244: 'argument': conversion from 'int' to 'GLfloat', possible loss of data
C:\Users\QuanLe\Desktop\New folder\TrainingFramework\src\GameStates\GSPlay.cpp(299,53): warning C4244: 'argument': conversion from 'int' to 'GLfloat', possible loss of data
C:\Users\QuanLe\Desktop\New folder\TrainingFramework\src\GameStates\GSPlay.cpp(430,54): warning C4244: 'argument': conversion from 'float' to 'GLint', possible loss of data
C:\Users\QuanLe\Desktop\New folder\TrainingFramework\src\GameStates\GSPlay.cpp(430,36): warning C4244: 'argument': conversion from 'float' to 'GLint', possible loss of data
C:\Program Files (x86)\Microsoft Visual Studio\2019\Community\VC\Tools\MSVC\14.28.29910\include\xutility(138,73): warning C4244: 'argument': conversion from '_Ty' to 'float', possible loss of data
          with
          [
              _Ty=double
          ]
C:\Program Files (x86)\Microsoft Visual Studio\2019\Community\VC\Tools\MSVC\14.28.29910\include\memory(2194): message : see reference to function template instantiation 'void std::_Construct_in_place<_Ty,std::shared_ptr<Shaders>&,std::shared_ptr<Font>&,const char(&)[8],TEXT_COLOR,double>(_Ty &,std::shared_ptr<Shaders> &,std::shared_ptr<Font> &,const char (&)[8],TEXT_COLOR &&,double &&) noexcept(false)' being compiled
          with
          [
              _Ty=Text
          ]
C:\Program Files (x86)\Microsoft Visual Studio\2019\Community\VC\Tools\MSVC\14.28.29910\include\memory(2907): message : see reference to function template instantiation 'std::_Ref_count_obj2<_Ty>::_Ref_count_obj2<std::shared_ptr<Shaders>&,std::shared_ptr<Font>&,const char(&)[8],TEXT_COLOR,double>(std::shared_ptr<Shaders> &,std::shared_ptr<Font> &,const char (&)[8],TEXT_COLOR &&,double &&)' being compiled
          with
          [
              _Ty=Text
          ]
C:\Program Files (x86)\Microsoft Visual Studio\2019\Community\VC\Tools\MSVC\14.28.29910\include\memory(2907): message : see reference to function template instantiation 'std::_Ref_count_obj2<_Ty>::_Ref_count_obj2<std::shared_ptr<Shaders>&,std::shared_ptr<Font>&,const char(&)[8],TEXT_COLOR,double>(std::shared_ptr<Shaders> &,std::shared_ptr<Font> &,const char (&)[8],TEXT_COLOR &&,double &&)' being compiled
          with
          [
              _Ty=Text
          ]
C:\Users\QuanLe\Desktop\New folder\TrainingFramework\src\GameStates\GSPlay.cpp(298): message : see reference to function template instantiation 'std::shared_ptr<Text> std::make_shared<Text,std::shared_ptr<Shaders>&,std::shared_ptr<Font>&,const char(&)[8],TEXT_COLOR,double>(std::shared_ptr<Shaders> &,std::shared_ptr<Font> &,const char (&)[8],TEXT_COLOR &&,double &&)' being compiled
  GSSetting.cpp
C:\Users\QuanLe\Desktop\New folder\TrainingFramework\src\GameStates\GSSetting.cpp(29,60): warning C4244: 'argument': conversion from 'int' to 'GLfloat', possible loss of data
C:\Users\QuanLe\Desktop\New folder\TrainingFramework\src\GameStates\GSSetting.cpp(29,42): warning C4244: 'argument': conversion from 'int' to 'GLfloat', possible loss of data
C:\Users\QuanLe\Desktop\New folder\TrainingFramework\src\GameStates\GSSetting.cpp(42,40): warning C4244: 'argument': conversion from 'int' to 'GLfloat', possible loss of data
C:\Users\QuanLe\Desktop\New folder\TrainingFramework\src\GameStates\GSSetting.cpp(60,40): warning C4244: 'argument': conversion from 'int' to 'GLfloat', possible loss of data
C:\Users\QuanLe\Desktop\New folder\TrainingFramework\src\GameStates\GSSetting.cpp(81,36): warning C4244: 'argument': conversion from 'int' to 'GLfloat', possible loss of data
  GSRoundOption.cpp
C:\Users\QuanLe\Desktop\New folder\TrainingFramework\src\GameStates\GSRoundOption.cpp(31,60): warning C4244: 'argument': conversion from 'int' to 'GLfloat', possible loss of data
C:\Users\QuanLe\Desktop\New folder\TrainingFramework\src\GameStates\GSRoundOption.cpp(31,42): warning C4244: 'argument': conversion from 'int' to 'GLfloat', possible loss of data
C:\Users\QuanLe\Desktop\New folder\TrainingFramework\src\GameStates\GSRoundOption.cpp(37,36): warning C4244: 'argument': conversion from 'int' to 'GLfloat', possible loss of data
C:\Users\QuanLe\Desktop\New folder\TrainingFramework\src\GameStates\GSRoundOption.cpp(56,36): warning C4244: 'argument': conversion from 'int' to 'GLfloat', possible loss of data
C:\Users\QuanLe\Desktop\New folder\TrainingFramework\src\GameStates\GSRoundOption.cpp(75,36): warning C4244: 'argument': conversion from 'int' to 'GLfloat', possible loss of data
C:\Users\QuanLe\Desktop\New folder\TrainingFramework\src\GameStates\GSRoundOption.cpp(94,36): warning C4244: 'argument': conversion from 'int' to 'GLfloat', possible loss of data
C:\Users\QuanLe\Desktop\New folder\TrainingFramework\src\GameStates\GSRoundOption.cpp(113,46): warning C4244: 'argument': conversion from 'int' to 'GLfloat', possible loss of data
C:\Users\QuanLe\Desktop\New folder\TrainingFramework\src\GameStates\GSRoundOption.cpp(117,46): warning C4244: 'argument': conversion from 'int' to 'GLfloat', possible loss of data
C:\Users\QuanLe\Desktop\New folder\TrainingFramework\src\GameStates\GSRoundOption.cpp(121,46): warning C4244: 'argument': conversion from 'int' to 'GLfloat', possible loss of data
C:\Program Files (x86)\Microsoft Visual Studio\2019\Community\VC\Tools\MSVC\14.28.29910\include\xutility(138,73): warning C4244: 'argument': conversion from '_Ty' to 'float', possible loss of data
          with
          [
              _Ty=double
          ]
C:\Program Files (x86)\Microsoft Visual Studio\2019\Community\VC\Tools\MSVC\14.28.29910\include\memory(2194): message : see reference to function template instantiation 'void std::_Construct_in_place<_Ty,std::shared_ptr<Shaders>&,std::shared_ptr<Font>&,const char(&)[5],TEXT_COLOR,double>(_Ty &,std::shared_ptr<Shaders> &,std::shared_ptr<Font> &,const char (&)[5],TEXT_COLOR &&,double &&) noexcept(false)' being compiled
          with
          [
              _Ty=Text
          ]
C:\Program Files (x86)\Microsoft Visual Studio\2019\Community\VC\Tools\MSVC\14.28.29910\include\memory(2907): message : see reference to function template instantiation 'std::_Ref_count_obj2<_Ty>::_Ref_count_obj2<std::shared_ptr<Shaders>&,std::shared_ptr<Font>&,const char(&)[5],TEXT_COLOR,double>(std::shared_ptr<Shaders> &,std::shared_ptr<Font> &,const char (&)[5],TEXT_COLOR &&,double &&)' being compiled
          with
          [
              _Ty=Text
          ]
C:\Program Files (x86)\Microsoft Visual Studio\2019\Community\VC\Tools\MSVC\14.28.29910\include\memory(2907): message : see reference to function template instantiation 'std::_Ref_count_obj2<_Ty>::_Ref_count_obj2<std::shared_ptr<Shaders>&,std::shared_ptr<Font>&,const char(&)[5],TEXT_COLOR,double>(std::shared_ptr<Shaders> &,std::shared_ptr<Font> &,const char (&)[5],TEXT_COLOR &&,double &&)' being compiled
          with
          [
              _Ty=Text
          ]
C:\Users\QuanLe\Desktop\New folder\TrainingFramework\src\GameStates\GSRoundOption.cpp(112): message : see reference to function template instantiation 'std::shared_ptr<Text> std::make_shared<Text,std::shared_ptr<Shaders>&,std::shared_ptr<Font>&,const char(&)[5],TEXT_COLOR,double>(std::shared_ptr<Shaders> &,std::shared_ptr<Font> &,const char (&)[5],TEXT_COLOR &&,double &&)' being compiled
  TrainingFramework.cpp
LINK : warning LNK4098: defaultlib 'LIBCMT' conflicts with use of other libs; use /NODEFAULTLIB:library
  Generating code
  1979 of 1992 functions (99.3%) were compiled, the rest were copied from previous compilation.
    6 functions were new in current compilation
    2 functions had inline decision re-evaluated but remain unchanged
  Finished generating code
  TrainingFramework.vcxproj -> C:\Users\QuanLe\Desktop\New folder\BIN-Nvidia\TrainingFramework.exe
